
> wealth@0.1.0 build
> next build

  ▲ Next.js 14.2.33
  - Environments: .env.local, .env

   Creating an optimized production build ...
 ✓ Compiled successfully
   Linting and checking validity of types ...

./src/components/analytics/IncomeSourcesChart.tsx
20:47  Warning: Unexpected any. Specify a different type.  @typescript-eslint/no-explicit-any

./src/components/analytics/MonthOverMonthChart.tsx
20:54  Warning: Unexpected any. Specify a different type.  @typescript-eslint/no-explicit-any
28:30  Warning: Unexpected any. Specify a different type.  @typescript-eslint/no-explicit-any

./src/components/analytics/NetWorthChart.tsx
20:47  Warning: Unexpected any. Specify a different type.  @typescript-eslint/no-explicit-any

./src/components/analytics/SpendingByCategoryChart.tsx
20:47  Warning: Unexpected any. Specify a different type.  @typescript-eslint/no-explicit-any

./src/components/analytics/SpendingTrendsChart.tsx
20:47  Warning: Unexpected any. Specify a different type.  @typescript-eslint/no-explicit-any

./src/components/categories/CategoryBadge.tsx
16:66  Warning: Unexpected any. Specify a different type.  @typescript-eslint/no-explicit-any

./src/components/categories/CategoryForm.tsx
170:91  Warning: Unexpected any. Specify a different type.  @typescript-eslint/no-explicit-any
179:81  Warning: Unexpected any. Specify a different type.  @typescript-eslint/no-explicit-any
236:76  Warning: Unexpected any. Specify a different type.  @typescript-eslint/no-explicit-any

./src/components/categories/CategorySelect.tsx
52:72  Warning: Unexpected any. Specify a different type.  @typescript-eslint/no-explicit-any
65:77  Warning: Unexpected any. Specify a different type.  @typescript-eslint/no-explicit-any

./src/components/goals/GoalForm.tsx
144:69  Warning: Unexpected any. Specify a different type.  @typescript-eslint/no-explicit-any

./src/server/services/__tests__/categorize.service.test.ts
46:92  Warning: Unexpected any. Specify a different type.  @typescript-eslint/no-explicit-any
47:96  Warning: Unexpected any. Specify a different type.  @typescript-eslint/no-explicit-any
57:10  Warning: Unexpected any. Specify a different type.  @typescript-eslint/no-explicit-any
76:92  Warning: Unexpected any. Specify a different type.  @typescript-eslint/no-explicit-any
77:96  Warning: Unexpected any. Specify a different type.  @typescript-eslint/no-explicit-any
84:69  Warning: Unexpected any. Specify a different type.  @typescript-eslint/no-explicit-any
97:25  Warning: Unexpected any. Specify a different type.  @typescript-eslint/no-explicit-any
