
> wealth@0.1.0 build
> next build

  ▲ Next.js 14.2.33
  - Environments: .env.local, .env

   Creating an optimized production build ...
 ✓ Compiled successfully
   Linting and checking validity of types ...

./src/components/accounts/AccountDetailClient.tsx
14:12  Warning: Unexpected any. Specify a different type.  @typescript-eslint/no-explicit-any

./src/components/analytics/IncomeSourcesChart.tsx
20:47  Warning: Unexpected any. Specify a different type.  @typescript-eslint/no-explicit-any

./src/components/analytics/MonthOverMonthChart.tsx
20:54  Warning: Unexpected any. Specify a different type.  @typescript-eslint/no-explicit-any
28:30  Warning: Unexpected any. Specify a different type.  @typescript-eslint/no-explicit-any

./src/components/analytics/NetWorthChart.tsx
20:47  Warning: Unexpected any. Specify a different type.  @typescript-eslint/no-explicit-any

./src/components/analytics/SpendingByCategoryChart.tsx
20:47  Warning: Unexpected any. Specify a different type.  @typescript-eslint/no-explicit-any

./src/components/analytics/SpendingTrendsChart.tsx
20:47  Warning: Unexpected any. Specify a different type.  @typescript-eslint/no-explicit-any

./src/components/categories/CategoryBadge.tsx
16:66  Warning: Unexpected any. Specify a different type.  @typescript-eslint/no-explicit-any

./src/components/categories/CategoryForm.tsx
170:91  Warning: Unexpected any. Specify a different type.  @typescript-eslint/no-explicit-any
179:81  Warning: Unexpected any. Specify a different type.  @typescript-eslint/no-explicit-any
236:76  Warning: Unexpected any. Specify a different type.  @typescript-eslint/no-explicit-any

./src/components/categories/CategorySelect.tsx
52:72  Warning: Unexpected any. Specify a different type.  @typescript-eslint/no-explicit-any
65:77  Warning: Unexpected any. Specify a different type.  @typescript-eslint/no-explicit-any

./src/components/currency/CurrencyConversionProgress.tsx
22:60  Warning: Unexpected any. Specify a different type.  @typescript-eslint/no-explicit-any
57:56  Warning: Unexpected any. Specify a different type.  @typescript-eslint/no-explicit-any

./src/components/goals/GoalForm.tsx
144:69  Warning: Unexpected any. Specify a different type.  @typescript-eslint/no-explicit-any

./src/components/settings/ProfileSection.tsx
60:36  Warning: Unexpected any. Specify a different type.  @typescript-eslint/no-explicit-any
125:69  Warning: Unexpected any. Specify a different type.  @typescript-eslint/no-explicit-any

./src/components/transactions/TransactionDetailClient.tsx
13:16  Warning: Unexpected any. Specify a different type.  @typescript-eslint/no-explicit-any

./src/lib/jsonExport.ts
8:13  Warning: Unexpected any. Specify a different type.  @typescript-eslint/no-explicit-any
9:17  Warning: Unexpected any. Specify a different type.  @typescript-eslint/no-explicit-any
10:12  Warning: Unexpected any. Specify a different type.  @typescript-eslint/no-explicit-any
11:10  Warning: Unexpected any. Specify a different type.  @typescript-eslint/no-explicit-any
12:15  Warning: Unexpected any. Specify a different type.  @typescript-eslint/no-explicit-any
17:34  Warning: Unexpected any. Specify a different type.  @typescript-eslint/no-explicit-any
17:40  Warning: Unexpected any. Specify a different type.  @typescript-eslint/no-explicit-any
26:21  Warning: Unexpected any. Specify a different type.  @typescript-eslint/no-explicit-any

./src/server/api/routers/__tests__/currency.router.test.ts
325:25  Warning: Unexpected any. Specify a different type.  @typescript-eslint/no-explicit-any
342:53  Warning: Unexpected any. Specify a different type.  @typescript-eslint/no-explicit-any

./src/server/services/__tests__/categorize.service.test.ts
46:92  Warning: Unexpected any. Specify a different type.  @typescript-eslint/no-explicit-any
47:96  Warning: Unexpected any. Specify a different type.  @typescript-eslint/no-explicit-any
57:10  Warning: Unexpected any. Specify a different type.  @typescript-eslint/no-explicit-any
76:92  Warning: Unexpected any. Specify a different type.  @typescript-eslint/no-explicit-any
77:96  Warning: Unexpected any. Specify a different type.  @typescript-eslint/no-explicit-any
84:69  Warning: Unexpected any. Specify a different type.  @typescript-eslint/no-explicit-any
97:25  Warning: Unexpected any. Specify a different type.  @typescript-eslint/no-explicit-any
114:96  Warning: Unexpected any. Specify a different type.  @typescript-eslint/no-explicit-any
119:69  Warning: Unexpected any. Specify a different type.  @typescript-eslint/no-explicit-any
134:99  Warning: Unexpected any. Specify a different type.  @typescript-eslint/no-explicit-any
145:11  Warning: Unexpected any. Specify a different type.  @typescript-eslint/no-explicit-any
166:92  Warning: Unexpected any. Specify a different type.  @typescript-eslint/no-explicit-any
176:10  Warning: Unexpected any. Specify a different type.  @typescript-eslint/no-explicit-any

./src/server/services/__tests__/currency.service.test.ts
58:25  Warning: Unexpected any. Specify a different type.  @typescript-eslint/no-explicit-any
74:89  Warning: Unexpected any. Specify a different type.  @typescript-eslint/no-explicit-any
91:89  Warning: Unexpected any. Specify a different type.  @typescript-eslint/no-explicit-any
104:25  Warning: Unexpected any. Specify a different type.  @typescript-eslint/no-explicit-any
120:86  Warning: Unexpected any. Specify a different type.  @typescript-eslint/no-explicit-any
141:25  Warning: Unexpected any. Specify a different type.  @typescript-eslint/no-explicit-any
153:86  Warning: Unexpected any. Specify a different type.  @typescript-eslint/no-explicit-any
168:25  Warning: Unexpected any. Specify a different type.  @typescript-eslint/no-explicit-any
183:89  Warning: Unexpected any. Specify a different type.  @typescript-eslint/no-explicit-any
197:73  Warning: Unexpected any. Specify a different type.  @typescript-eslint/no-explicit-any
242:73  Warning: Unexpected any. Specify a different type.  @typescript-eslint/no-explicit-any
271:92  Warning: Unexpected any. Specify a different type.  @typescript-eslint/no-explicit-any
304:73  Warning: Unexpected any. Specify a different type.  @typescript-eslint/no-explicit-any
338:73  Warning: Unexpected any. Specify a different type.  @typescript-eslint/no-explicit-any
371:77  Warning: Unexpected any. Specify a different type.  @typescript-eslint/no-explicit-any
387:25  Warning: Unexpected any. Specify a different type.  @typescript-eslint/no-explicit-any
399:72  Warning: Unexpected any. Specify a different type.  @typescript-eslint/no-explicit-any

info  - Need to disable some ESLint rules? Learn more here: https://nextjs.org/docs/basic-features/eslint#disabling-rules
   Collecting page data ...
   Generating static pages (0/28) ...
   Generating static pages (7/28) 
   Generating static pages (14/28) 
   Generating static pages (21/28) 
 ✓ Generating static pages (28/28)
   Finalizing page optimization ...
   Collecting build traces ...
Error: ENOENT: no such file or directory, open '/home/ahiya/Ahiya/wealth/.next/server/app/_not-found/page.js.nft.json'
    at async open (node:internal/fs/promises:641:25)
    at async Object.readFile (node:internal/fs/promises:1245:14)
    at async /home/ahiya/Ahiya/wealth/node_modules/next/dist/build/collect-build-traces.js:429:50
    at async Promise.all (index 0)
    at async /home/ahiya/Ahiya/wealth/node_modules/next/dist/build/collect-build-traces.js:410:13
    at async Span.traceAsyncFn (/home/ahiya/Ahiya/wealth/node_modules/next/dist/trace/trace.js:154:20)
    at async collectBuildTraces (/home/ahiya/Ahiya/wealth/node_modules/next/dist/build/collect-build-traces.js:164:5)
    at async /home/ahiya/Ahiya/wealth/node_modules/next/dist/build/index.js:2134:13
    at async Span.traceAsyncFn (/home/ahiya/Ahiya/wealth/node_modules/next/dist/trace/trace.js:154:20)
    at async build (/home/ahiya/Ahiya/wealth/node_modules/next/dist/build/index.js:368:9) {
  errno: -2,
  code: 'ENOENT',
  syscall: 'open',
  path: '/home/ahiya/Ahiya/wealth/.next/server/app/_not-found/page.js.nft.json'
}
